<?xml version="1.0" encoding="UTF-8"?>
<robot generator="Robot 3.2.1 (Python 3.8.3 on win32)" generated="20200715 16:40:49.833" rpa="false">
<suite id="s1" name="Valid Login Tests" source="C:\Users\Lenovo\robot_workspace\OpenEMRApplication\TestCases\valid_login_tests.robot">
<test id="s1-t1" name="Valid Admin Credential Test">
<kw name="Start Browser" library="commonfunctionalities" type="setup">
<kw name="Append To Environment Variable" library="OperatingSystem">
<doc>Appends given ``values`` to environment variable ``name``.</doc>
<arguments>
<arg>PATH</arg>
<arg>${EXECDIR}${/}driver</arg>
</arguments>
<msg timestamp="20200715 16:40:50.046" level="INFO">Environment variable 'PATH' set to value 'C:\Program Files (x86)\Common Files\Oracle\Java\javapath;C:\Windows\system32;C:\Windows;C:\Windows\System32\Wbem;C:\Windows\System32\WindowsPowerShell\v1.0\;C:\Windows\System32\OpenSSH\;C:\Program Files (x86)\NVIDIA Corporation\PhysX\Common;C:\Program Files\Git\cmd;C:\Program Files\NVIDIA Corporation\NVIDIA NvDLISR;C:\WINDOWS\system32;C:\WINDOWS;C:\WINDOWS\System32\Wbem;C:\WINDOWS\System32\WindowsPowerShell\v1.0\;C:\WINDOWS\System32\OpenSSH\;C:\Users\Lenovo\AppData\Local\Programs\Python\Python38-32\Scripts\;C:\Users\Lenovo\AppData\Local\Programs\Python\Python38-32\;C:\Users\Lenovo\AppData\Local\Microsoft\WindowsApps;;C:\Users\Lenovo\robot_workspace\OpenEMRApplication\driver'.</msg>
<status status="PASS" starttime="20200715 16:40:50.046" endtime="20200715 16:40:50.046"></status>
</kw>
<kw name="Open Browser" library="SeleniumLibrary">
<doc>Opens a new browser instance to the optional ``url``.</doc>
<arguments>
<arg>url=${URL}</arg>
<arg>browser=${BROWSER}</arg>
</arguments>
<msg timestamp="20200715 16:40:50.047" level="INFO">Opening browser 'firefox' to base url 'https://demo.openemr.io/a/openemr/index.php'.</msg>
<msg timestamp="20200715 16:40:50.048" level="INFO">Firefox driver log is always forced to to: C:\Users\Lenovo\robot_workspace\OpenEMRApplication\geckodriver-3.log</msg>
<status status="PASS" starttime="20200715 16:40:50.047" endtime="20200715 16:40:58.464"></status>
</kw>
<kw name="Maximize Browser Window" library="SeleniumLibrary">
<doc>Maximizes current browser window.</doc>
<status status="PASS" starttime="20200715 16:40:58.464" endtime="20200715 16:40:58.467"></status>
</kw>
<kw name="Set Browser Implicit Wait" library="SeleniumLibrary">
<doc>Sets the implicit wait value used by Selenium.</doc>
<arguments>
<arg>30s</arg>
</arguments>
<status status="PASS" starttime="20200715 16:40:58.467" endtime="20200715 16:40:58.472"></status>
</kw>
<status status="PASS" starttime="20200715 16:40:50.046" endtime="20200715 16:40:58.472"></status>
</kw>
<kw name="Valid Credential Template">
<arguments>
<arg>admin</arg>
<arg>pass</arg>
<arg>English (Indian)</arg>
<arg>OpenEMR</arg>
</arguments>
<kw name="Enter Username" library="LoginPage">
<arguments>
<arg>${username}</arg>
</arguments>
<kw name="Input Text" library="SeleniumLibrary">
<doc>Types the given ``text`` into the text field identified by ``locator``.</doc>
<arguments>
<arg>${USERNAME LOCATOR}</arg>
<arg>${username}</arg>
</arguments>
<msg timestamp="20200715 16:40:58.474" level="INFO">Typing text 'admin' into text field 'id=authUser'.</msg>
<kw name="Capture Page Screenshot" library="SeleniumLibrary">
<doc>Takes a screenshot of the current page and embeds it into a log file.</doc>
<msg timestamp="20200715 16:40:58.598" level="INFO" html="yes">&lt;/td&gt;&lt;/tr&gt;&lt;tr&gt;&lt;td colspan="3"&gt;&lt;a href="screenshots/selenium-screenshot-22.png"&gt;&lt;img src="screenshots/selenium-screenshot-22.png" width="800px"&gt;&lt;/a&gt;</msg>
<status status="PASS" starttime="20200715 16:40:58.498" endtime="20200715 16:40:58.598"></status>
</kw>
<msg timestamp="20200715 16:40:58.601" level="FAIL">ElementNotInteractableException: Message: Element &lt;input id="authUser" class="form-control" name="authUser" type="text"&gt; is not reachable by keyboard
</msg>
<status status="FAIL" starttime="20200715 16:40:58.474" endtime="20200715 16:40:58.601"></status>
</kw>
<status status="FAIL" starttime="20200715 16:40:58.473" endtime="20200715 16:40:58.601"></status>
</kw>
<status status="FAIL" starttime="20200715 16:40:58.473" endtime="20200715 16:40:58.601"></status>
</kw>
<kw name="End Browser" library="commonfunctionalities" type="teardown">
<kw name="Close All Browsers" library="SeleniumLibrary">
<doc>Closes all open browsers and resets the browser cache.</doc>
<status status="PASS" starttime="20200715 16:40:58.602" endtime="20200715 16:40:59.471"></status>
</kw>
<status status="PASS" starttime="20200715 16:40:58.602" endtime="20200715 16:40:59.471"></status>
</kw>
<status status="FAIL" starttime="20200715 16:40:50.045" endtime="20200715 16:40:59.472" critical="yes">ElementNotInteractableException: Message: Element &lt;input id="authUser" class="form-control" name="authUser" type="text"&gt; is not reachable by keyboard
</status>
</test>
<test id="s1-t2" name="Valid Physician Credential Test">
<kw name="Start Browser" library="commonfunctionalities" type="setup">
<kw name="Append To Environment Variable" library="OperatingSystem">
<doc>Appends given ``values`` to environment variable ``name``.</doc>
<arguments>
<arg>PATH</arg>
<arg>${EXECDIR}${/}driver</arg>
</arguments>
<msg timestamp="20200715 16:40:59.474" level="INFO">Environment variable 'PATH' set to value 'C:\Program Files (x86)\Common Files\Oracle\Java\javapath;C:\Windows\system32;C:\Windows;C:\Windows\System32\Wbem;C:\Windows\System32\WindowsPowerShell\v1.0\;C:\Windows\System32\OpenSSH\;C:\Program Files (x86)\NVIDIA Corporation\PhysX\Common;C:\Program Files\Git\cmd;C:\Program Files\NVIDIA Corporation\NVIDIA NvDLISR;C:\WINDOWS\system32;C:\WINDOWS;C:\WINDOWS\System32\Wbem;C:\WINDOWS\System32\WindowsPowerShell\v1.0\;C:\WINDOWS\System32\OpenSSH\;C:\Users\Lenovo\AppData\Local\Programs\Python\Python38-32\Scripts\;C:\Users\Lenovo\AppData\Local\Programs\Python\Python38-32\;C:\Users\Lenovo\AppData\Local\Microsoft\WindowsApps;;C:\Users\Lenovo\robot_workspace\OpenEMRApplication\driver;C:\Users\Lenovo\robot_workspace\OpenEMRApplication\driver'.</msg>
<status status="PASS" starttime="20200715 16:40:59.474" endtime="20200715 16:40:59.474"></status>
</kw>
<kw name="Open Browser" library="SeleniumLibrary">
<doc>Opens a new browser instance to the optional ``url``.</doc>
<arguments>
<arg>url=${URL}</arg>
<arg>browser=${BROWSER}</arg>
</arguments>
<msg timestamp="20200715 16:40:59.475" level="INFO">Opening browser 'firefox' to base url 'https://demo.openemr.io/a/openemr/index.php'.</msg>
<msg timestamp="20200715 16:40:59.476" level="INFO">Firefox driver log is always forced to to: C:\Users\Lenovo\robot_workspace\OpenEMRApplication\geckodriver-4.log</msg>
<status status="PASS" starttime="20200715 16:40:59.475" endtime="20200715 16:41:07.531"></status>
</kw>
<kw name="Maximize Browser Window" library="SeleniumLibrary">
<doc>Maximizes current browser window.</doc>
<status status="PASS" starttime="20200715 16:41:07.531" endtime="20200715 16:41:07.536"></status>
</kw>
<kw name="Set Browser Implicit Wait" library="SeleniumLibrary">
<doc>Sets the implicit wait value used by Selenium.</doc>
<arguments>
<arg>30s</arg>
</arguments>
<status status="PASS" starttime="20200715 16:41:07.537" endtime="20200715 16:41:07.540"></status>
</kw>
<status status="PASS" starttime="20200715 16:40:59.474" endtime="20200715 16:41:07.541"></status>
</kw>
<kw name="Valid Credential Template">
<arguments>
<arg>physician</arg>
<arg>physician</arg>
<arg>English (Indian)</arg>
<arg>OpenEMR</arg>
</arguments>
<kw name="Enter Username" library="LoginPage">
<arguments>
<arg>${username}</arg>
</arguments>
<kw name="Input Text" library="SeleniumLibrary">
<doc>Types the given ``text`` into the text field identified by ``locator``.</doc>
<arguments>
<arg>${USERNAME LOCATOR}</arg>
<arg>${username}</arg>
</arguments>
<msg timestamp="20200715 16:41:07.543" level="INFO">Typing text 'physician' into text field 'id=authUser'.</msg>
<kw name="Capture Page Screenshot" library="SeleniumLibrary">
<doc>Takes a screenshot of the current page and embeds it into a log file.</doc>
<msg timestamp="20200715 16:41:07.660" level="INFO" html="yes">&lt;/td&gt;&lt;/tr&gt;&lt;tr&gt;&lt;td colspan="3"&gt;&lt;a href="screenshots/selenium-screenshot-23.png"&gt;&lt;img src="screenshots/selenium-screenshot-23.png" width="800px"&gt;&lt;/a&gt;</msg>
<status status="PASS" starttime="20200715 16:41:07.565" endtime="20200715 16:41:07.660"></status>
</kw>
<msg timestamp="20200715 16:41:07.661" level="FAIL">ElementNotInteractableException: Message: Element &lt;input id="authUser" class="form-control" name="authUser" type="text"&gt; is not reachable by keyboard
</msg>
<status status="FAIL" starttime="20200715 16:41:07.543" endtime="20200715 16:41:07.661"></status>
</kw>
<status status="FAIL" starttime="20200715 16:41:07.543" endtime="20200715 16:41:07.661"></status>
</kw>
<status status="FAIL" starttime="20200715 16:41:07.541" endtime="20200715 16:41:07.661"></status>
</kw>
<kw name="End Browser" library="commonfunctionalities" type="teardown">
<kw name="Close All Browsers" library="SeleniumLibrary">
<doc>Closes all open browsers and resets the browser cache.</doc>
<status status="PASS" starttime="20200715 16:41:07.662" endtime="20200715 16:41:08.411"></status>
</kw>
<status status="PASS" starttime="20200715 16:41:07.662" endtime="20200715 16:41:08.411"></status>
</kw>
<status status="FAIL" starttime="20200715 16:40:59.473" endtime="20200715 16:41:08.412" critical="yes">ElementNotInteractableException: Message: Element &lt;input id="authUser" class="form-control" name="authUser" type="text"&gt; is not reachable by keyboard
</status>
</test>
<doc>Validating the user credentials
for open EMR application</doc>
<status status="FAIL" starttime="20200715 16:40:49.835" endtime="20200715 16:41:08.414"></status>
</suite>
<statistics>
<total>
<stat pass="0" fail="2">Critical Tests</stat>
<stat pass="0" fail="2">All Tests</stat>
</total>
<tag>
</tag>
<suite>
<stat pass="0" fail="2" id="s1" name="Valid Login Tests">Valid Login Tests</stat>
</suite>
</statistics>
<errors>
</errors>
</robot>
